
=== Fri Feb 22 17:21:10 2019

Packages were changed.
Update Mode: updateDependencies

The following packages were added:
  com.unity.collab-proxy@1.2.15
The following packages were updated:
  com.unity.analytics from version 2.0.16 to 3.2.2
  com.unity.package-manager-ui from version 1.9.11 to 2.0.3
  com.unity.textmeshpro from version 1.2.4 to 1.3.0

=== Thu Apr 13 01:19:10 2023

Packages were changed.
Update Mode: updateDependencies

The following packages were added:
  com.unity.2d.sprite@1.0.0
  com.unity.2d.tilemap@1.0.0
  com.unity.ide.rider@3.0.18
  com.unity.ide.visualstudio@2.0.17
  com.unity.ide.vscode@1.2.5
  com.unity.modules.androidjni@1.0.0
  com.unity.test-framework@1.1.33
  com.unity.timeline@1.7.3
  com.unity.ugui@1.0.0
  com.unity.xr.legacyinputhelpers@2.1.10
  com.unity.ai.navigation@1.1.1
The following packages were updated:
  com.unity.ads from version 2.0.8 to 4.4.1
  com.unity.analytics from version 3.2.2 to 3.8.1
  com.unity.collab-proxy from version 1.2.15 to 2.0.0
  com.unity.purchasing from version 2.0.3 to 4.6.0
  com.unity.textmeshpro from version 1.3.0 to 3.0.6
The following packages were removed:
  com.unity.package-manager-ui@2.0.3

=== Fri Apr 14 13:00:19 2023

Packages were changed.
Update Mode: updateDependencies

The following packages were updated:
  com.unity.collab-proxy from version 2.0.0 to 2.0.1
  com.unity.purchasing from version 4.6.0 to 4.7.0
  com.unity.timeline from version 1.7.3 to 1.7.4

=== Fri Apr 14 16:37:44 2023

Packages were changed.
Update Mode: updateDependencies

The following packages were updated:
  com.unity.collab-proxy from version 2.0.1 to 2.0.3

=== Sun Dec 14 19:23:37 2025

Packages were changed.
Update Mode: updateDependencies

The following packages were added:
  com.unity.modules.adaptiveperformance@1.0.0
  com.unity.modules.vectorgraphics@1.0.0
  com.unity.modules.accessibility@1.0.0
  com.unity.multiplayer.center@1.0.1
The following packages were updated:
  com.unity.ai.navigation from version 1.1.1 to 2.0.9
  com.unity.analytics from version 3.8.1 to 3.8.2
  com.unity.collab-proxy from version 2.0.3 to 2.10.2
  com.unity.ide.rider from version 3.0.18 to 3.0.38
  com.unity.ide.visualstudio from version 2.0.17 to 2.0.25
  com.unity.render-pipelines.universal from version 14.0.7 to 17.3.0
  com.unity.test-framework from version 1.1.33 to 1.6.0
  com.unity.timeline from version 1.7.4 to 1.8.9
  com.unity.ugui from version 1.0.0 to 2.0.0
  com.unity.xr.legacyinputhelpers from version 2.1.10 to 2.1.13
The following packages were removed:
  com.unity.textmeshpro@3.0.6
